[35m[1mScanning dependencies of target geometry_msgs_generate_messages_py[0m
[35m[1mScanning dependencies of target std_msgs_generate_messages_py[0m
[35m[1mScanning dependencies of target _kindr_msgs_generate_messages_check_deps_VectorAtPosition[0m
[35m[1mScanning dependencies of target std_msgs_generate_messages_cpp[0m
[35m[1mScanning dependencies of target geometry_msgs_generate_messages_cpp[0m
[35m[1mScanning dependencies of target std_msgs_generate_messages_lisp[0m
[  0%] Built target geometry_msgs_generate_messages_py
[  0%] Built target std_msgs_generate_messages_py
[35m[1mScanning dependencies of target geometry_msgs_generate_messages_lisp[0m
[  0%] Built target std_msgs_generate_messages_cpp
[  0%] Built target geometry_msgs_generate_messages_cpp
[  0%] Built target std_msgs_generate_messages_lisp
[35m[1mScanning dependencies of target std_msgs_generate_messages_eus[0m
[35m[1mScanning dependencies of target geometry_msgs_generate_messages_nodejs[0m
[  0%] Built target geometry_msgs_generate_messages_lisp
[35m[1mScanning dependencies of target geometry_msgs_generate_messages_eus[0m
[35m[1mScanning dependencies of target std_msgs_generate_messages_nodejs[0m
[  0%] Built target std_msgs_generate_messages_eus
[  0%] Built target geometry_msgs_generate_messages_nodejs
[  0%] Built target geometry_msgs_generate_messages_eus
[  0%] Built target std_msgs_generate_messages_nodejs
[  0%] Built target _kindr_msgs_generate_messages_check_deps_VectorAtPosition
[35m[1mScanning dependencies of target kindr_msgs_generate_messages_cpp[0m
[35m[1mScanning dependencies of target kindr_msgs_generate_messages_nodejs[0m
[35m[1mScanning dependencies of target kindr_msgs_generate_messages_eus[0m
[35m[1mScanning dependencies of target kindr_msgs_generate_messages_lisp[0m
[35m[1mScanning dependencies of target kindr_msgs_generate_messages_py[0m
[ 14%] Built target kindr_msgs_generate_messages_cpp
[ 28%] Built target kindr_msgs_generate_messages_lisp
[ 42%] Built target kindr_msgs_generate_messages_nodejs
[ 71%] Built target kindr_msgs_generate_messages_eus
[100%] Built target kindr_msgs_generate_messages_py
[35m[1mScanning dependencies of target kindr_msgs_generate_messages[0m
[100%] Built target kindr_msgs_generate_messages
