Warning: Cannot symlink from /home/lachie/ARCPTA/catkin_ws/devel/.private/kindr_msgs/lib/pkgconfig/kindr_msgs.pc to existing file /home/lachie/ARCPTA/catkin_ws/devel/lib/pkgconfig/kindr_msgs.pc
Warning: Source hash: aaa88866ba6f8d09709c36e280334f8e
Warning: Dest hash: b6740ca2659ea29f25e14347b6bdcf5a
Warning: Cannot symlink from /home/lachie/ARCPTA/catkin_ws/devel/.private/kindr_msgs/share/kindr_msgs/cmake/kindr_msgs-msg-extras.cmake to existing file /home/lachie/ARCPTA/catkin_ws/devel/share/kindr_msgs/cmake/kindr_msgs-msg-extras.cmake
Warning: Source hash: 37f3d5fcd7ef5897edfabb851a9daf1b
Warning: Dest hash: 18ce154772fb5891e4adb6831993fce3
Warning: Cannot symlink from /home/lachie/ARCPTA/catkin_ws/devel/.private/kindr_msgs/share/kindr_msgs/cmake/kindr_msgs-msg-paths.cmake to existing file /home/lachie/ARCPTA/catkin_ws/devel/share/kindr_msgs/cmake/kindr_msgs-msg-paths.cmake
Warning: Source hash: 7f0d5f107d23a5a6ce944f44330acc0c
Warning: Dest hash: 0bbfa84c831de1b962d3bbe0537985df
Warning: Cannot symlink from /home/lachie/ARCPTA/catkin_ws/devel/.private/kindr_msgs/share/kindr_msgs/cmake/kindr_msgsConfig.cmake to existing file /home/lachie/ARCPTA/catkin_ws/devel/share/kindr_msgs/cmake/kindr_msgsConfig.cmake
Warning: Source hash: 272d3ef2b2a8447e4bee957c3ed04339
Warning: Dest hash: f39e7f8cfa14a97e8798b505720e4948
Cleaning: (/home/lachie/catkin_ws/devel/.private/kindr_msgs/cmake.lock, /home/lachie/catkin_ws/devel/./cmake.lock)
Cleaning: (/home/lachie/catkin_ws/devel/.private/kindr_msgs/lib/pkgconfig/kindr_msgs.pc, /home/lachie/catkin_ws/devel/lib/pkgconfig/kindr_msgs.pc)
Cleaning: (/home/lachie/catkin_ws/devel/.private/kindr_msgs/lib/python3/dist-packages/kindr_msgs/__init__.py, /home/lachie/catkin_ws/devel/lib/python3/dist-packages/kindr_msgs/__init__.py)
Cleaning: (/home/lachie/catkin_ws/devel/.private/kindr_msgs/lib/python3/dist-packages/kindr_msgs/msg/__init__.py, /home/lachie/catkin_ws/devel/lib/python3/dist-packages/kindr_msgs/msg/__init__.py)
Cleaning: (/home/lachie/catkin_ws/devel/.private/kindr_msgs/lib/python3/dist-packages/kindr_msgs/msg/_VectorAtPosition.py, /home/lachie/catkin_ws/devel/lib/python3/dist-packages/kindr_msgs/msg/_VectorAtPosition.py)
Cleaning: (/home/lachie/catkin_ws/devel/.private/kindr_msgs/share/roseus/ros/kindr_msgs/manifest.l, /home/lachie/catkin_ws/devel/share/roseus/ros/kindr_msgs/manifest.l)
Cleaning: (/home/lachie/catkin_ws/devel/.private/kindr_msgs/share/roseus/ros/kindr_msgs/msg/VectorAtPosition.l, /home/lachie/catkin_ws/devel/share/roseus/ros/kindr_msgs/msg/VectorAtPosition.l)
Cleaning: (/home/lachie/catkin_ws/devel/.private/kindr_msgs/share/kindr_msgs/cmake/kindr_msgs-msg-extras.cmake, /home/lachie/catkin_ws/devel/share/kindr_msgs/cmake/kindr_msgs-msg-extras.cmake)
Cleaning: (/home/lachie/catkin_ws/devel/.private/kindr_msgs/share/kindr_msgs/cmake/kindr_msgsConfig-version.cmake, /home/lachie/catkin_ws/devel/share/kindr_msgs/cmake/kindr_msgsConfig-version.cmake)
Cleaning: (/home/lachie/catkin_ws/devel/.private/kindr_msgs/share/kindr_msgs/cmake/kindr_msgs-msg-paths.cmake, /home/lachie/catkin_ws/devel/share/kindr_msgs/cmake/kindr_msgs-msg-paths.cmake)
Cleaning: (/home/lachie/catkin_ws/devel/.private/kindr_msgs/share/kindr_msgs/cmake/kindr_msgsConfig.cmake, /home/lachie/catkin_ws/devel/share/kindr_msgs/cmake/kindr_msgsConfig.cmake)
Cleaning: (/home/lachie/catkin_ws/devel/.private/kindr_msgs/share/gennodejs/ros/kindr_msgs/_index.js, /home/lachie/catkin_ws/devel/share/gennodejs/ros/kindr_msgs/_index.js)
Cleaning: (/home/lachie/catkin_ws/devel/.private/kindr_msgs/share/gennodejs/ros/kindr_msgs/msg/VectorAtPosition.js, /home/lachie/catkin_ws/devel/share/gennodejs/ros/kindr_msgs/msg/VectorAtPosition.js)
Cleaning: (/home/lachie/catkin_ws/devel/.private/kindr_msgs/share/gennodejs/ros/kindr_msgs/msg/_index.js, /home/lachie/catkin_ws/devel/share/gennodejs/ros/kindr_msgs/msg/_index.js)
Cleaning: (/home/lachie/catkin_ws/devel/.private/kindr_msgs/share/common-lisp/ros/kindr_msgs/msg/_package.lisp, /home/lachie/catkin_ws/devel/share/common-lisp/ros/kindr_msgs/msg/_package.lisp)
Cleaning: (/home/lachie/catkin_ws/devel/.private/kindr_msgs/share/common-lisp/ros/kindr_msgs/msg/_package_VectorAtPosition.lisp, /home/lachie/catkin_ws/devel/share/common-lisp/ros/kindr_msgs/msg/_package_VectorAtPosition.lisp)
Cleaning: (/home/lachie/catkin_ws/devel/.private/kindr_msgs/share/common-lisp/ros/kindr_msgs/msg/kindr_msgs-msg.asd, /home/lachie/catkin_ws/devel/share/common-lisp/ros/kindr_msgs/msg/kindr_msgs-msg.asd)
Cleaning: (/home/lachie/catkin_ws/devel/.private/kindr_msgs/share/common-lisp/ros/kindr_msgs/msg/VectorAtPosition.lisp, /home/lachie/catkin_ws/devel/share/common-lisp/ros/kindr_msgs/msg/VectorAtPosition.lisp)
Cleaning: (/home/lachie/catkin_ws/devel/.private/kindr_msgs/include/kindr_msgs/VectorAtPosition.h, /home/lachie/catkin_ws/devel/include/kindr_msgs/VectorAtPosition.h)
Unlinking: /home/lachie/catkin_ws/devel/lib/pkgconfig/kindr_msgs.pc
Unlinking: /home/lachie/catkin_ws/devel/lib/python3/dist-packages/kindr_msgs/__init__.py
Unlinking: /home/lachie/catkin_ws/devel/lib/python3/dist-packages/kindr_msgs/msg/__init__.py
Unlinking: /home/lachie/catkin_ws/devel/lib/python3/dist-packages/kindr_msgs/msg/_VectorAtPosition.py
Unlinking: /home/lachie/catkin_ws/devel/share/roseus/ros/kindr_msgs/manifest.l
Unlinking: /home/lachie/catkin_ws/devel/share/roseus/ros/kindr_msgs/msg/VectorAtPosition.l
Unlinking: /home/lachie/catkin_ws/devel/share/kindr_msgs/cmake/kindr_msgs-msg-extras.cmake
Unlinking: /home/lachie/catkin_ws/devel/share/kindr_msgs/cmake/kindr_msgsConfig-version.cmake
Unlinking: /home/lachie/catkin_ws/devel/share/kindr_msgs/cmake/kindr_msgs-msg-paths.cmake
Unlinking: /home/lachie/catkin_ws/devel/share/kindr_msgs/cmake/kindr_msgsConfig.cmake
Unlinking: /home/lachie/catkin_ws/devel/share/gennodejs/ros/kindr_msgs/_index.js
Unlinking: /home/lachie/catkin_ws/devel/share/gennodejs/ros/kindr_msgs/msg/VectorAtPosition.js
Unlinking: /home/lachie/catkin_ws/devel/share/gennodejs/ros/kindr_msgs/msg/_index.js
Unlinking: /home/lachie/catkin_ws/devel/share/common-lisp/ros/kindr_msgs/msg/_package.lisp
Unlinking: /home/lachie/catkin_ws/devel/share/common-lisp/ros/kindr_msgs/msg/_package_VectorAtPosition.lisp
Unlinking: /home/lachie/catkin_ws/devel/share/common-lisp/ros/kindr_msgs/msg/kindr_msgs-msg.asd
Unlinking: /home/lachie/catkin_ws/devel/share/common-lisp/ros/kindr_msgs/msg/VectorAtPosition.lisp
Unlinking: /home/lachie/catkin_ws/devel/include/kindr_msgs/VectorAtPosition.h
